TN:
SF:src/database.js
FN:37,tokenize
FN:52,mergeTokenCounts
FN:58,getDocumentStorageRow
FN:66,hydrateDocumentFromRow
FN:115,createDatabase
FN:207,getDocumentViewState
FN:219,saveDocumentViewState
FN:225,getUserConfigValue
FN:236,setUserConfigValue
FN:254,ensureWorkspace
FN:278,getWorkspaceId
FN:289,insertTokensForDocument
FN:322,upsertDocument
FN:434,getDocumentById
FN:444,getWorkspaceDocumentById
FN:465,getDocumentByPath
FN:486,listDocuments
FN:504,searchDocuments
FN:560,getDocumentSections
FN:578,getDocumentSectionBySlug
FN:597,listWorkspaceProjects
FN:617,migrateLegacyWorkspace
FNF:22
FNH:22
FNDA:163,tokenize
FNDA:156,mergeTokenCounts
FNDA:50,getDocumentStorageRow
FNDA:50,hydrateDocumentFromRow
FNDA:38,createDatabase
FNDA:4,getDocumentViewState
FNDA:2,saveDocumentViewState
FNDA:3,getUserConfigValue
FNDA:2,setUserConfigValue
FNDA:40,ensureWorkspace
FNDA:71,getWorkspaceId
FNDA:39,insertTokensForDocument
FNDA:40,upsertDocument
FNDA:5,getDocumentById
FNDA:35,getWorkspaceDocumentById
FNDA:20,getDocumentByPath
FNDA:8,listDocuments
FNDA:8,searchDocuments
FNDA:2,getDocumentSections
FNDA:2,getDocumentSectionBySlug
FNDA:2,listWorkspaceProjects
FNDA:12,migrateLegacyWorkspace
DA:1,7
DA:2,7
DA:3,7
DA:4,7
DA:5,7
DA:6,7
DA:7,7
DA:8,7
DA:9,7
DA:10,7
DA:11,7
DA:12,7
DA:13,7
DA:14,7
DA:15,7
DA:16,7
DA:17,7
DA:18,7
DA:19,7
DA:20,7
DA:21,7
DA:22,7
DA:23,7
DA:24,7
DA:25,7
DA:26,7
DA:27,7
DA:28,7
DA:29,7
DA:30,7
DA:31,7
DA:32,7
DA:33,7
DA:34,7
DA:35,7
DA:36,7
DA:37,163
DA:38,163
DA:39,163
DA:40,163
DA:41,163
DA:42,340
DA:43,31
DA:44,31
DA:45,309
DA:46,340
DA:47,340
DA:48,163
DA:49,163
DA:50,163
DA:51,7
DA:52,156
DA:53,156
DA:54,300
DA:55,300
DA:56,156
DA:57,7
DA:58,50
DA:59,50
DA:60,50
DA:61,50
DA:62,50
DA:63,50
DA:64,50
DA:65,7
DA:66,50
DA:67,50
DA:68,50
DA:69,50
DA:70,50
DA:71,49
DA:72,49
DA:73,49
DA:74,49
DA:75,49
DA:76,49
DA:77,49
DA:78,1
DA:79,1
DA:80,50
DA:81,1
DA:82,1
DA:83,50
DA:84,50
DA:85,50
DA:86,50
DA:87,50
DA:88,50
DA:89,50
DA:90,50
DA:91,50
DA:92,50
DA:93,50
DA:94,50
DA:95,50
DA:96,50
DA:97,50
DA:98,50
DA:99,50
DA:100,50
DA:101,50
DA:102,50
DA:103,50
DA:104,50
DA:105,50
DA:106,50
DA:107,50
DA:108,50
DA:109,50
DA:110,50
DA:111,50
DA:112,50
DA:113,50
DA:114,7
DA:115,7
DA:116,38
DA:117,38
DA:118,38
DA:119,38
DA:120,38
DA:121,38
DA:122,38
DA:123,38
DA:124,38
DA:125,38
DA:126,38
DA:127,38
DA:128,38
DA:129,38
DA:130,38
DA:131,38
DA:132,38
DA:133,38
DA:134,38
DA:135,38
DA:136,38
DA:137,38
DA:138,38
DA:139,38
DA:140,38
DA:141,38
DA:142,38
DA:143,38
DA:144,38
DA:145,38
DA:146,38
DA:147,38
DA:148,38
DA:149,38
DA:150,38
DA:151,38
DA:152,38
DA:153,38
DA:154,38
DA:155,38
DA:156,38
DA:157,38
DA:158,38
DA:159,38
DA:160,38
DA:161,38
DA:162,38
DA:163,38
DA:164,38
DA:165,38
DA:166,38
DA:167,38
DA:168,38
DA:169,38
DA:170,38
DA:171,38
DA:172,38
DA:173,38
DA:174,38
DA:175,38
DA:176,38
DA:177,38
DA:178,38
DA:179,38
DA:180,38
DA:181,38
DA:182,38
DA:183,38
DA:184,38
DA:185,38
DA:186,38
DA:187,38
DA:188,38
DA:189,38
DA:190,38
DA:191,38
DA:192,38
DA:193,1
DA:194,1
DA:195,38
DA:196,38
DA:197,38
DA:198,38
DA:199,38
DA:200,38
DA:201,38
DA:202,38
DA:203,38
DA:204,38
DA:205,38
DA:206,7
DA:207,7
DA:208,4
DA:209,4
DA:210,2
DA:211,2
DA:212,2
DA:213,2
DA:214,3
DA:215,1
DA:216,1
DA:217,4
DA:218,7
DA:219,7
DA:220,2
DA:221,2
DA:222,2
DA:223,2
DA:224,7
DA:225,7
DA:226,3
DA:227,3
DA:228,3
DA:229,3
DA:230,1
DA:231,1
DA:232,2
DA:233,2
DA:234,3
DA:235,7
DA:236,7
DA:237,2
DA:238,2
DA:239,2
DA:240,2
DA:241,2
DA:242,2
DA:243,2
DA:244,2
DA:245,2
DA:246,2
DA:247,2
DA:248,2
DA:249,2
DA:250,2
DA:251,2
DA:252,2
DA:253,7
DA:254,40
DA:255,40
DA:256,40
DA:257,40
DA:258,1
DA:259,1
DA:260,39
DA:261,39
DA:262,39
DA:263,40
DA:264,16
DA:265,16
DA:266,23
DA:267,23
DA:268,23
DA:269,40
DA:270,40
DA:271,40
DA:272,40
DA:273,40
DA:274,40
DA:275,40
DA:276,40
DA:277,7
DA:278,71
DA:279,71
DA:280,71
DA:281,71
DA:282,1
DA:283,1
DA:284,70
DA:285,70
DA:286,71
DA:287,71
DA:288,7
DA:289,39
DA:290,39
DA:291,39
DA:292,39
DA:293,39
DA:294,39
DA:295,39
DA:296,39
DA:297,39
DA:298,39
DA:299,39
DA:300,39
DA:301,126
DA:302,126
DA:303,39
DA:304,39
DA:305,39
DA:306,39
DA:307,39
DA:308,39
DA:309,39
DA:310,39
DA:311,39
DA:312,39
DA:313,39
DA:314,39
DA:315,39
DA:316,39
DA:317,153
DA:318,153
DA:319,39
DA:320,39
DA:321,7
DA:322,7
DA:323,40
DA:324,40
DA:325,40
DA:326,40
DA:327,40
DA:328,40
DA:329,40
DA:330,40
DA:331,40
DA:332,40
DA:333,39
DA:334,39
DA:335,39
DA:336,40
DA:337,40
DA:338,40
DA:339,40
DA:340,40
DA:341,40
DA:342,40
DA:343,40
DA:344,40
DA:345,40
DA:346,10
DA:347,10
DA:348,10
DA:349,10
DA:350,10
DA:351,10
DA:352,10
DA:353,10
DA:354,10
DA:355,10
DA:356,10
DA:357,10
DA:358,10
DA:359,10
DA:360,10
DA:361,10
DA:362,10
DA:363,40
DA:364,29
DA:365,29
DA:366,29
DA:367,29
DA:368,29
DA:369,29
DA:370,29
DA:371,29
DA:372,29
DA:373,29
DA:374,29
DA:375,29
DA:376,29
DA:377,29
DA:378,29
DA:379,29
DA:380,29
DA:381,29
DA:382,29
DA:383,29
DA:384,29
DA:385,29
DA:386,29
DA:387,29
DA:388,29
DA:389,29
DA:390,29
DA:391,29
DA:392,39
DA:393,39
DA:394,39
DA:395,39
DA:396,39
DA:397,39
DA:398,39
DA:399,39
DA:400,39
DA:401,39
DA:402,39
DA:403,39
DA:404,39
DA:405,39
DA:406,39
DA:407,39
DA:408,39
DA:409,39
DA:410,39
DA:411,39
DA:412,39
DA:413,39
DA:414,39
DA:415,39
DA:416,39
DA:417,39
DA:418,39
DA:419,39
DA:420,39
DA:421,39
DA:422,39
DA:423,39
DA:424,39
DA:425,39
DA:426,39
DA:427,39
DA:428,40
DA:429,1
DA:430,1
DA:431,1
DA:432,40
DA:433,7
DA:434,7
DA:435,5
DA:436,5
DA:437,5
DA:438,1
DA:439,1
DA:440,4
DA:441,4
DA:442,5
DA:443,7
DA:444,7
DA:445,35
DA:446,35
DA:447,35
DA:448,1
DA:449,1
DA:450,34
DA:451,34
DA:452,34
DA:453,34
DA:454,34
DA:455,34
DA:456,34
DA:457,34
DA:458,35
DA:459,2
DA:460,2
DA:461,32
DA:462,32
DA:463,35
DA:464,7
DA:465,7
DA:466,20
DA:467,20
DA:468,20
DA:469,7
DA:470,7
DA:471,13
DA:472,13
DA:473,13
DA:474,13
DA:475,13
DA:476,13
DA:477,13
DA:478,13
DA:479,19
DA:480,5
DA:481,5
DA:482,8
DA:483,8
DA:484,20
DA:485,7
DA:486,7
DA:487,8
DA:488,8
DA:489,8
DA:490,2
DA:491,2
DA:492,6
DA:493,6
DA:494,6
DA:495,6
DA:496,6
DA:497,6
DA:498,6
DA:499,6
DA:500,6
DA:501,6
DA:502,8
DA:503,7
DA:504,7
DA:505,8
DA:506,8
DA:507,8
DA:508,1
DA:509,1
DA:510,7
DA:511,7
DA:512,7
DA:513,7
DA:514,2
DA:515,2
DA:516,2
DA:517,2
DA:518,2
DA:519,2
DA:520,5
DA:521,5
DA:522,5
DA:523,5
DA:524,5
DA:525,5
DA:526,5
DA:527,5
DA:528,5
DA:529,5
DA:530,5
DA:531,5
DA:532,5
DA:533,5
DA:534,5
DA:535,4
DA:536,4
DA:537,4
DA:538,4
DA:539,4
DA:540,4
DA:541,4
DA:542,4
DA:543,4
DA:544,4
DA:545,4
DA:546,4
DA:547,4
DA:548,4
DA:549,4
DA:550,4
DA:551,4
DA:552,4
DA:553,4
DA:554,4
DA:555,4
DA:556,4
DA:557,5
DA:558,8
DA:559,7
DA:560,7
DA:561,2
DA:562,2
DA:563,2
DA:564,2
DA:565,2
DA:566,2
DA:567,2
DA:568,2
DA:569,2
DA:570,2
DA:571,2
DA:572,2
DA:573,2
DA:574,2
DA:575,2
DA:576,2
DA:577,7
DA:578,7
DA:579,2
DA:580,2
DA:581,2
DA:582,2
DA:583,2
DA:584,2
DA:585,2
DA:586,1
DA:587,1
DA:588,1
DA:589,1
DA:590,1
DA:591,1
DA:592,1
DA:593,1
DA:594,1
DA:595,2
DA:596,7
DA:597,7
DA:598,2
DA:599,2
DA:600,2
DA:601,2
DA:602,2
DA:603,2
DA:604,2
DA:605,2
DA:606,2
DA:607,3
DA:608,3
DA:609,3
DA:610,3
DA:611,3
DA:612,3
DA:613,3
DA:614,2
DA:615,2
DA:616,7
DA:617,7
DA:618,12
DA:619,12
DA:620,12
DA:621,12
DA:622,12
DA:623,12
DA:624,3
DA:625,3
DA:626,9
DA:627,9
DA:628,9
DA:629,9
DA:630,9
DA:631,9
DA:632,9
DA:633,9
DA:634,12
DA:635,1
DA:636,1
DA:637,4
DA:638,4
DA:639,4
DA:640,4
DA:641,4
DA:642,4
DA:643,4
DA:644,4
DA:645,4
DA:646,4
DA:647,4
DA:648,4
DA:649,4
DA:650,4
DA:651,4
DA:652,4
DA:653,4
DA:654,1
DA:655,1
DA:656,1
DA:657,3
DA:658,3
DA:659,3
DA:660,3
DA:661,3
DA:662,3
DA:663,4
DA:664,4
DA:665,4
DA:666,4
DA:667,4
DA:668,4
DA:669,4
DA:670,4
DA:671,1
DA:672,1
DA:673,9
DA:674,9
DA:675,12
LF:675
LH:675
BRDA:1,0,0,7
BRDA:37,1,0,163
BRDA:39,2,0,4
BRDA:39,3,0,8
BRDA:41,4,0,340
BRDA:42,5,0,327
BRDA:42,6,0,31
BRDA:45,7,0,323
BRDA:45,8,0,309
BRDA:46,9,0,307
BRDA:52,10,0,156
BRDA:53,11,0,300
BRDA:54,12,0,279
BRDA:58,13,0,50
BRDA:66,14,0,50
BRDA:70,15,0,49
BRDA:70,16,0,49
BRDA:77,17,0,1
BRDA:80,18,0,1
BRDA:84,19,0,49
BRDA:84,20,0,1
BRDA:86,21,0,49
BRDA:86,22,0,3
BRDA:86,23,0,1
BRDA:88,24,0,49
BRDA:88,25,0,1
BRDA:101,26,0,50
BRDA:115,27,0,38
BRDA:192,28,0,1
BRDA:207,29,0,4
BRDA:209,30,0,3
BRDA:209,31,0,2
BRDA:212,32,0,3
BRDA:212,33,0,2
BRDA:214,34,0,1
BRDA:219,35,0,2
BRDA:221,36,0,1
BRDA:221,37,0,1
BRDA:225,38,0,3
BRDA:227,39,0,1
BRDA:229,40,0,2
BRDA:229,41,0,1
BRDA:236,42,0,2
BRDA:247,43,0,1
BRDA:249,44,0,1
BRDA:254,45,0,40
BRDA:255,46,0,1
BRDA:257,47,0,1
BRDA:260,48,0,39
BRDA:263,49,0,16
BRDA:263,50,0,30
BRDA:263,51,0,16
BRDA:266,52,0,23
BRDA:269,53,0,1
BRDA:278,54,0,71
BRDA:279,55,0,1
BRDA:281,56,0,1
BRDA:284,57,0,70
BRDA:286,58,0,60
BRDA:286,59,0,60
BRDA:286,60,0,10
BRDA:289,61,0,39
BRDA:298,62,0,2
BRDA:300,63,0,126
BRDA:316,64,0,153
BRDA:322,65,0,40
BRDA:326,66,0,2
BRDA:343,67,0,10
BRDA:345,68,0,10
BRDA:355,69,0,1
BRDA:363,70,0,29
BRDA:381,71,0,1
BRDA:392,72,0,39
BRDA:428,73,0,1
BRDA:332,74,0,39
BRDA:414,75,0,39
BRDA:434,76,0,5
BRDA:437,77,0,1
BRDA:440,78,0,4
BRDA:444,79,0,35
BRDA:447,80,0,1
BRDA:450,81,0,34
BRDA:458,82,0,2
BRDA:461,83,0,32
BRDA:465,84,0,20
BRDA:468,85,0,7
BRDA:471,86,0,19
BRDA:471,87,0,13
BRDA:479,88,0,17
BRDA:479,89,0,5
BRDA:482,90,0,8
BRDA:486,91,0,8
BRDA:489,92,0,7
BRDA:489,93,0,2
BRDA:492,94,0,6
BRDA:501,95,0,6
BRDA:504,96,0,8
BRDA:507,97,0,1
BRDA:510,98,0,7
BRDA:513,99,0,2
BRDA:520,100,0,5
BRDA:514,101,0,2
BRDA:521,102,0,7
BRDA:534,103,0,4
BRDA:550,104,0,4
BRDA:560,105,0,2
BRDA:566,106,0,2
BRDA:574,107,0,1
BRDA:578,108,0,2
BRDA:585,109,0,1
BRDA:597,110,0,2
BRDA:606,111,0,3
BRDA:611,112,0,1
BRDA:617,113,0,12
BRDA:619,114,0,1
BRDA:621,115,0,1
BRDA:623,116,0,11
BRDA:623,117,0,10
BRDA:623,118,0,3
BRDA:626,119,0,9
BRDA:634,120,0,1
BRDA:637,121,0,4
BRDA:650,122,0,2
BRDA:653,123,0,3
BRDA:653,124,0,1
BRDA:663,125,0,2
BRDA:667,126,0,4
BRDA:672,127,0,1
BRDA:672,128,0,1
BRDA:673,129,0,7
BRDA:632,130,0,5
BRF:131
BRH:131
end_of_record
TN:
SF:src/doc-binary.js
FN:21,encodeVarint
FN:35,decodeVarint
FN:54,encodeString
FN:60,decodeString
FN:73,encodeMeta
FN:86,decodeMeta
FN:104,encodeTags
FN:116,decodeTags
FN:127,encodeBlock
FN:180,decodeBlock
FN:249,packDocument
FN:269,unpackDocument
FNF:12
FNH:12
FNDA:848,encodeVarint
FNDA:736,decodeVarint
FNDA:533,encodeString
FNDA:479,decodeString
FNDA:77,encodeMeta
FNDA:62,decodeMeta
FNDA:77,encodeTags
FNDA:62,decodeTags
FNDA:116,encodeBlock
FNDA:106,decodeBlock
FNDA:77,packDocument
FNDA:65,unpackDocument
DA:1,8
DA:2,8
DA:3,8
DA:4,8
DA:5,8
DA:6,8
DA:7,8
DA:8,8
DA:9,8
DA:10,8
DA:11,8
DA:12,8
DA:13,8
DA:14,8
DA:15,8
DA:16,8
DA:17,8
DA:18,8
DA:19,8
DA:20,8
DA:21,848
DA:22,848
DA:23,848
DA:24,848
DA:25,848
DA:26,848
DA:27,2
DA:28,2
DA:29,2
DA:30,848
DA:31,848
DA:32,848
DA:33,848
DA:34,8
DA:35,736
DA:36,736
DA:37,736
DA:38,736
DA:39,736
DA:40,738
DA:41,738
DA:42,738
DA:43,738
DA:44,738
DA:45,735
DA:46,735
DA:47,3
DA:48,3
DA:49,3
DA:50,1
DA:51,1
DA:52,736
DA:53,8
DA:54,533
DA:55,533
DA:56,533
DA:57,533
DA:58,533
DA:59,8
DA:60,479
DA:61,479
DA:62,479
DA:63,479
DA:64,479
DA:65,1
DA:66,1
DA:67,478
DA:68,478
DA:69,478
DA:70,478
DA:71,479
DA:72,8
DA:73,77
DA:74,77
DA:75,77
DA:76,77
DA:77,77
DA:78,77
DA:79,3
DA:80,3
DA:81,3
DA:82,77
DA:83,77
DA:84,77
DA:85,8
DA:86,62
DA:87,62
DA:88,62
DA:89,62
DA:90,62
DA:91,3
DA:92,3
DA:93,3
DA:94,3
DA:95,3
DA:96,3
DA:97,1
DA:98,1
DA:99,3
DA:100,62
DA:101,62
DA:102,62
DA:103,8
DA:104,77
DA:105,77
DA:106,77
DA:107,77
DA:108,77
DA:109,77
DA:110,136
DA:111,136
DA:112,77
DA:113,77
DA:114,77
DA:115,8
DA:116,62
DA:117,62
DA:118,62
DA:119,62
DA:120,62
DA:121,135
DA:122,135
DA:123,62
DA:124,62
DA:125,62
DA:126,8
DA:127,116
DA:128,116
DA:129,116
DA:130,116
DA:131,116
DA:132,37
DA:133,37
DA:134,37
DA:135,37
DA:136,79
DA:137,116
DA:138,3
DA:139,3
DA:140,3
DA:141,3
DA:142,4
DA:143,4
DA:144,3
DA:145,3
DA:146,3
DA:147,76
DA:148,116
DA:149,2
DA:150,2
DA:151,2
DA:152,2
DA:153,74
DA:154,116
DA:155,2
DA:156,2
DA:157,2
DA:158,2
DA:159,72
DA:160,116
DA:161,1
DA:162,1
DA:163,71
DA:164,116
DA:165,4
DA:166,4
DA:167,4
DA:168,5
DA:169,5
DA:170,5
DA:171,5
DA:172,5
DA:173,4
DA:174,4
DA:175,67
DA:176,116
DA:177,116
DA:178,116
DA:179,8
DA:180,106
DA:181,106
DA:182,1
DA:183,1
DA:184,105
DA:185,105
DA:186,105
DA:187,105
DA:188,105
DA:189,106
DA:190,106
DA:191,106
DA:192,106
DA:193,38
DA:194,1
DA:195,1
DA:196,37
DA:197,37
DA:198,37
DA:199,37
DA:200,37
DA:201,37
DA:202,67
DA:203,106
DA:204,3
DA:205,3
DA:206,3
DA:207,3
DA:208,4
DA:209,4
DA:210,3
DA:211,3
DA:212,3
DA:213,64
DA:214,106
DA:215,2
DA:216,2
DA:217,2
DA:218,2
DA:219,62
DA:220,106
DA:221,2
DA:222,2
DA:223,2
DA:224,2
DA:225,60
DA:226,106
DA:227,1
DA:228,1
DA:229,59
DA:230,106
DA:231,5
DA:232,5
DA:233,5
DA:234,6
DA:235,1
DA:236,1
DA:237,5
DA:238,5
DA:239,5
DA:240,5
DA:241,5
DA:242,4
DA:243,4
DA:244,54
DA:245,54
DA:246,54
DA:247,106
DA:248,8
DA:249,8
DA:250,77
DA:251,77
DA:252,77
DA:253,77
DA:254,77
DA:255,77
DA:256,77
DA:257,77
DA:258,77
DA:259,77
DA:260,77
DA:261,77
DA:262,77
DA:263,116
DA:264,116
DA:265,77
DA:266,77
DA:267,77
DA:268,8
DA:269,8
DA:270,65
DA:271,65
DA:272,65
DA:273,2
DA:274,2
DA:275,63
DA:276,63
DA:277,63
DA:278,63
DA:279,63
DA:280,63
DA:281,63
DA:282,63
DA:283,63
DA:284,63
DA:285,63
DA:286,65
DA:287,106
DA:288,106
DA:289,58
DA:290,58
DA:291,58
DA:292,58
DA:293,58
DA:294,58
DA:295,58
DA:296,58
DA:297,65
LF:297
LH:297
BRDA:1,0,0,8
BRDA:16,1,0,72
BRDA:21,2,0,848
BRDA:23,3,0,194
BRDA:26,4,0,2
BRDA:35,5,0,736
BRDA:39,6,0,738
BRDA:44,7,0,735
BRDA:47,8,0,3
BRDA:50,9,0,1
BRDA:54,10,0,533
BRDA:55,11,0,36
BRDA:60,12,0,479
BRDA:64,13,0,1
BRDA:67,14,0,478
BRDA:73,15,0,77
BRDA:75,16,0,4
BRDA:78,17,0,3
BRDA:86,18,0,62
BRDA:90,19,0,3
BRDA:96,20,0,1
BRDA:104,21,0,77
BRDA:106,22,0,74
BRDA:106,23,0,3
BRDA:109,24,0,136
BRDA:116,25,0,62
BRDA:120,26,0,135
BRDA:127,27,0,116
BRDA:128,28,0,1
BRDA:129,29,0,7
BRDA:131,30,0,37
BRDA:132,31,0,1
BRDA:133,32,0,1
BRDA:136,33,0,81
BRDA:136,34,0,79
BRDA:137,35,0,77
BRDA:137,36,0,3
BRDA:138,37,0,2
BRDA:138,38,0,1
BRDA:141,39,0,4
BRDA:147,40,0,76
BRDA:148,41,0,2
BRDA:149,42,0,1
BRDA:150,43,0,1
BRDA:153,44,0,74
BRDA:154,45,0,2
BRDA:155,46,0,1
BRDA:156,47,0,1
BRDA:159,48,0,72
BRDA:160,49,0,1
BRDA:163,50,0,71
BRDA:164,51,0,4
BRDA:165,52,0,3
BRDA:165,53,0,1
BRDA:167,54,0,5
BRDA:168,55,0,4
BRDA:168,56,0,3
BRDA:168,57,0,2
BRDA:169,58,0,4
BRDA:169,59,0,3
BRDA:169,60,0,1
BRDA:169,61,0,2
BRDA:169,62,0,1
BRDA:170,63,0,2
BRDA:170,64,0,3
BRDA:175,65,0,67
BRDA:176,66,0,1
BRDA:180,67,0,106
BRDA:181,68,0,1
BRDA:184,69,0,105
BRDA:189,70,0,1
BRDA:192,71,0,38
BRDA:193,72,0,1
BRDA:196,73,0,37
BRDA:202,74,0,69
BRDA:202,75,0,67
BRDA:203,76,0,65
BRDA:203,77,0,3
BRDA:207,78,0,4
BRDA:213,79,0,64
BRDA:214,80,0,2
BRDA:219,81,0,62
BRDA:220,82,0,2
BRDA:225,83,0,60
BRDA:226,84,0,1
BRDA:229,85,0,59
BRDA:230,86,0,5
BRDA:233,87,0,6
BRDA:234,88,0,1
BRDA:237,89,0,5
BRDA:242,90,0,4
BRDA:244,91,0,54
BRDA:249,92,0,77
BRDA:253,93,0,7
BRDA:254,94,0,14
BRDA:259,95,0,76
BRDA:259,96,0,1
BRDA:262,97,0,116
BRDA:269,98,0,65
BRDA:270,99,0,64
BRDA:270,100,0,1
BRDA:272,101,0,2
BRDA:275,102,0,63
BRDA:286,103,0,106
BRDA:289,104,0,58
BRF:105
BRH:105
end_of_record
TN:
SF:src/doc-format.js
FN:17,clampHeadingLevel
FN:27,parseValue
FN:53,parseFrontmatter
FN:87,slugifyHeading
FN:94,normalizeMeta
FN:102,normalizeTags
FN:112,blockText
FN:138,ensureUniqueId
FN:145,normalizeClassName
FN:153,parseAttributeString
FN:173,formatAttributeValue
FN:183,normalizeBlock
FN:288,normalizeBlocks
FN:300,parseDocsrcHeader
FN:365,parseBlockHeader
FN:378,parseLeadingAttributesAndRemainder
FN:405,unwrapSyntheticParagraphWrappers
FN:431,parseDocsrcBlocks
FN:435,pushBlock
FN:651,flushBufferedParagraph
FN:663,buildNestedListStructure
FN:703,flushBufferedList
FN:720,flushBufferedQuote
FN:733,parseLegacyBlocks
FN:846,buildSections
FN:890,extractSummary
FN:906,parseDocSource
FN:955,normalizeDocInput
FN:998,parseDocFile
FN:1003,createDefaultBlocks
FN:1017,blockHeader
FN:1059,blockBody
FN:1061,toLines
FN:1110,stringifyDocFile
FNF:34
FNH:34
FNDA:176,clampHeadingLevel
FNDA:9,parseValue
FNDA:29,parseFrontmatter
FNDA:274,slugifyHeading
FNDA:298,normalizeMeta
FNDA:149,normalizeTags
FNDA:286,blockText
FNDA:271,ensureUniqueId
FNDA:649,normalizeClassName
FNDA:87,parseAttributeString
FNDA:303,formatAttributeValue
FNDA:271,normalizeBlock
FNDA:153,normalizeBlocks
FNDA:76,parseDocsrcHeader
FNDA:95,parseBlockHeader
FNDA:88,parseLeadingAttributesAndRemainder
FNDA:45,unwrapSyntheticParagraphWrappers
FNDA:45,parseDocsrcBlocks
FNDA:88,pushBlock
FNDA:97,flushBufferedParagraph
FNDA:15,buildNestedListStructure
FNDA:81,flushBufferedList
FNDA:86,flushBufferedQuote
FNDA:29,parseLegacyBlocks
FNDA:149,buildSections
FNDA:94,extractSummary
FNDA:76,parseDocSource
FNDA:149,normalizeDocInput
FNDA:76,parseDocFile
FNDA:4,createDefaultBlocks
FNDA:284,blockHeader
FNDA:284,blockBody
FNDA:28,toLines
FNDA:159,stringifyDocFile
DA:1,10
DA:2,10
DA:3,10
DA:4,10
DA:5,10
DA:6,10
DA:7,10
DA:8,10
DA:9,10
DA:10,10
DA:11,10
DA:12,10
DA:13,10
DA:14,10
DA:15,10
DA:16,10
DA:17,176
DA:18,176
DA:19,176
DA:20,176
DA:21,2
DA:22,2
DA:23,174
DA:24,174
DA:25,176
DA:26,10
DA:27,9
DA:28,9
DA:29,9
DA:30,9
DA:31,1
DA:32,1
DA:33,8
DA:34,9
DA:35,1
DA:36,1
DA:37,7
DA:38,9
DA:39,2
DA:40,2
DA:41,5
DA:42,9
DA:43,2
DA:44,2
DA:45,2
DA:46,1
DA:47,1
DA:48,2
DA:49,3
DA:50,3
DA:51,9
DA:52,10
DA:53,29
DA:54,29
DA:55,26
DA:56,26
DA:57,3
DA:58,3
DA:59,3
DA:60,4
DA:61,1
DA:62,1
DA:63,2
DA:64,2
DA:65,2
DA:66,2
DA:67,2
DA:68,4
DA:69,10
DA:70,1
DA:71,1
DA:72,9
DA:73,9
DA:74,9
DA:75,10
DA:76,1
DA:77,1
DA:78,8
DA:79,8
DA:80,8
DA:81,8
DA:82,8
DA:83,2
DA:84,2
DA:85,29
DA:86,10
DA:87,274
DA:88,274
DA:89,274
DA:90,274
DA:91,274
DA:92,274
DA:93,10
DA:94,298
DA:95,298
DA:96,170
DA:97,170
DA:98,128
DA:99,128
DA:100,298
DA:101,10
DA:102,149
DA:103,149
DA:104,49
DA:105,49
DA:106,100
DA:107,100
DA:108,100
DA:109,100
DA:110,149
DA:111,10
DA:112,286
DA:113,286
DA:114,9
DA:115,9
DA:116,277
DA:117,286
DA:118,4
DA:119,4
DA:120,4
DA:121,4
DA:122,273
DA:123,286
DA:124,10
DA:125,10
DA:126,263
DA:127,286
DA:128,3
DA:129,3
DA:130,260
DA:131,286
DA:132,31
DA:133,31
DA:134,229
DA:135,286
DA:136,286
DA:137,10
DA:138,271
DA:139,271
DA:140,271
DA:141,271
DA:142,271
DA:143,271
DA:144,10
DA:145,649
DA:146,649
DA:147,649
DA:148,649
DA:149,649
DA:150,649
DA:151,649
DA:152,10
DA:153,87
DA:154,87
DA:155,87
DA:156,87
DA:157,87
DA:158,87
DA:159,87
DA:160,99
DA:161,99
DA:162,99
DA:163,99
DA:164,99
DA:165,99
DA:166,99
DA:167,99
DA:168,99
DA:169,87
DA:170,87
DA:171,87
DA:172,10
DA:173,303
DA:174,303
DA:175,303
DA:176,303
DA:177,301
DA:178,301
DA:179,2
DA:180,2
DA:181,303
DA:182,10
DA:183,271
DA:184,271
DA:185,271
DA:186,271
DA:187,271
DA:188,271
DA:189,271
DA:190,76
DA:191,76
DA:192,76
DA:193,76
DA:194,76
DA:195,76
DA:196,76
DA:197,76
DA:198,195
DA:199,271
DA:200,21
DA:201,21
DA:202,30
DA:203,30
DA:204,27
DA:205,27
DA:206,27
DA:207,27
DA:208,27
DA:209,3
DA:210,3
DA:211,18
DA:212,21
DA:213,3
DA:214,3
DA:215,21
DA:216,21
DA:217,21
DA:218,21
DA:219,21
DA:220,21
DA:221,21
DA:222,21
DA:223,21
DA:224,174
DA:225,271
DA:226,3
DA:227,3
DA:228,3
DA:229,3
DA:230,3
DA:231,3
DA:232,3
DA:233,3
DA:234,171
DA:235,271
DA:236,8
DA:237,8
DA:238,11
DA:239,8
DA:240,8
DA:241,11
DA:242,8
DA:243,8
DA:244,8
DA:245,8
DA:246,8
DA:247,8
DA:248,8
DA:249,8
DA:250,163
DA:251,271
DA:252,2
DA:253,2
DA:254,161
DA:255,271
DA:256,3
DA:257,3
DA:258,3
DA:259,3
DA:260,3
DA:261,3
DA:262,3
DA:263,158
DA:264,271
DA:265,4
DA:266,4
DA:267,4
DA:268,4
DA:269,4
DA:270,4
DA:271,4
DA:272,4
DA:273,154
DA:274,154
DA:275,154
DA:276,154
DA:277,154
DA:278,271
DA:279,271
DA:280,271
DA:281,271
DA:282,9
DA:283,9
DA:284,154
DA:285,154
DA:286,271
DA:287,10
DA:288,153
DA:289,153
DA:290,153
DA:291,153
DA:292,153
DA:293,153
DA:294,136
DA:295,136
DA:296,17
DA:297,17
DA:298,153
DA:299,10
DA:300,76
DA:301,76
DA:302,76
DA:303,76
DA:304,76
DA:305,70
DA:306,70
DA:307,5
DA:308,5
DA:309,5
DA:310,76
DA:311,3
DA:312,3
DA:313,2
DA:314,2
DA:315,2
DA:316,2
DA:317,2
DA:318,2
DA:319,2
DA:320,2
DA:321,30
DA:322,9
DA:323,9
DA:324,9
DA:325,1
DA:326,1
DA:327,8
DA:328,8
DA:329,8
DA:330,9
DA:331,1
DA:332,1
DA:333,7
DA:334,7
DA:335,7
DA:336,7
DA:337,9
DA:338,2
DA:339,2
DA:340,2
DA:341,5
DA:342,9
DA:343,2
DA:344,2
DA:345,2
DA:346,3
DA:347,7
DA:348,2
DA:349,2
DA:350,2
DA:351,1
DA:352,1
DA:353,1
DA:354,1
DA:355,1
DA:356,1
DA:357,1
DA:358,1
DA:359,9
DA:360,2
DA:361,2
DA:362,2
DA:363,76
DA:364,10
DA:365,95
DA:366,95
DA:367,95
DA:368,95
DA:369,8
DA:370,8
DA:371,87
DA:372,87
DA:373,95
DA:374,95
DA:375,95
DA:376,95
DA:377,10
DA:378,88
DA:379,88
DA:380,88
DA:381,88
DA:382,88
DA:383,188
DA:384,188
DA:385,188
DA:386,88
DA:387,88
DA:388,100
DA:389,100
DA:390,188
DA:391,188
DA:392,188
DA:393,100
DA:394,100
DA:395,100
DA:396,100
DA:397,100
DA:398,88
DA:399,88
DA:400,88
DA:401,88
DA:402,88
DA:403,88
DA:404,10
DA:405,45
DA:406,45
DA:407,45
DA:408,45
DA:409,45
DA:410,315
DA:411,315
DA:412,315
DA:413,315
DA:414,315
DA:415,3
DA:416,3
DA:417,3
DA:418,3
DA:419,3
DA:420,3
DA:421,3
DA:422,3
DA:423,3
DA:424,312
DA:425,312
DA:426,312
DA:427,45
DA:428,45
DA:429,45
DA:430,10
DA:431,45
DA:432,45
DA:433,45
DA:434,45
DA:435,45
DA:436,88
DA:437,88
DA:438,88
DA:439,24
DA:440,24
DA:441,24
DA:442,24
DA:443,24
DA:444,24
DA:445,24
DA:446,24
DA:447,24
DA:448,64
DA:449,73
DA:450,37
DA:451,37
DA:452,37
DA:453,37
DA:454,37
DA:455,37
DA:456,37
DA:457,37
DA:458,27
DA:459,56
DA:460,2
DA:461,2
DA:462,2
DA:463,2
DA:464,2
DA:465,2
DA:466,2
DA:467,2
DA:468,25
DA:469,56
DA:470,6
DA:471,6
DA:472,6
DA:473,6
DA:474,6
DA:475,6
DA:476,6
DA:477,6
DA:478,6
DA:479,19
DA:480,88
DA:481,6
DA:482,6
DA:483,6
DA:484,6
DA:485,9
DA:486,9
DA:487,9
DA:488,9
DA:489,9
DA:490,3
DA:491,3
DA:492,3
DA:493,2
DA:494,2
DA:495,6
DA:496,6
DA:497,6
DA:498,6
DA:499,6
DA:500,6
DA:501,6
DA:502,6
DA:503,6
DA:504,6
DA:505,6
DA:506,6
DA:507,6
DA:508,13
DA:509,56
DA:510,2
DA:511,2
DA:512,2
DA:513,2
DA:514,2
DA:515,2
DA:516,2
DA:517,2
DA:518,2
DA:519,11
DA:520,42
DA:521,4
DA:522,4
DA:523,9
DA:524,9
DA:525,6
DA:526,6
DA:527,3
DA:528,9
DA:529,4
DA:530,4
DA:531,4
DA:532,4
DA:533,4
DA:534,4
DA:535,4
DA:536,4
DA:537,4
DA:538,4
DA:539,4
DA:540,7
DA:541,41
DA:542,2
DA:543,2
DA:544,2
DA:545,2
DA:546,2
DA:547,2
DA:548,2
DA:549,5
DA:550,41
DA:551,2
DA:552,2
DA:553,2
DA:554,2
DA:555,2
DA:556,2
DA:557,2
DA:558,2
DA:559,3
DA:560,3
DA:561,3
DA:562,3
DA:563,3
DA:564,3
DA:565,3
DA:566,3
DA:567,3
DA:568,3
DA:569,3
DA:570,88
DA:571,45
DA:572,45
DA:573,45
DA:574,138
DA:575,138
DA:576,138
DA:577,138
DA:578,40
DA:579,40
DA:580,40
DA:581,98
DA:582,98
DA:583,138
DA:584,3
DA:585,3
DA:586,3
DA:587,3
DA:588,3
DA:589,3
DA:590,3
DA:591,3
DA:592,3
DA:593,95
DA:594,95
DA:595,138
DA:596,8
DA:597,8
DA:598,8
DA:599,87
DA:600,87
DA:601,138
DA:602,2
DA:603,2
DA:604,2
DA:605,85
DA:606,85
DA:607,85
DA:608,85
DA:609,138
DA:610,5
DA:611,5
DA:612,85
DA:613,85
DA:614,85
DA:615,85
DA:616,138
DA:617,177
DA:618,177
DA:619,177
DA:620,177
DA:621,177
DA:622,83
DA:623,83
DA:624,83
DA:625,94
DA:626,177
DA:627,1
DA:628,1
DA:629,1
DA:630,1
DA:631,1
DA:632,1
DA:633,1
DA:634,93
DA:635,93
DA:636,93
DA:637,93
DA:638,85
DA:639,85
DA:640,85
DA:641,85
DA:642,85
DA:643,138
DA:644,84
DA:645,84
DA:646,138
DA:647,45
DA:648,45
DA:649,45
DA:650,10
DA:651,97
DA:652,97
DA:653,84
DA:654,84
DA:655,13
DA:656,13
DA:657,13
DA:658,13
DA:659,13
DA:660,13
DA:661,97
DA:662,10
DA:663,15
DA:664,15
DA:665,15
DA:666,15
DA:667,15
DA:668,15
DA:669,2
DA:670,2
DA:671,13
DA:672,13
DA:673,13
DA:674,13
DA:675,15
DA:676,26
DA:677,26
DA:678,26
DA:679,26
DA:680,12
DA:681,12
DA:682,26
DA:683,26
DA:684,26
DA:685,26
DA:686,3
DA:687,3
DA:688,3
DA:689,3
DA:690,3
DA:691,3
DA:692,25
DA:693,23
DA:694,23
DA:695,23
DA:696,26
DA:697,26
DA:698,26
DA:699,13
DA:700,13
DA:701,15
DA:702,10
DA:703,81
DA:704,81
DA:705,72
DA:706,72
DA:707,72
DA:708,72
DA:709,9
DA:710,9
DA:711,9
DA:712,9
DA:713,9
DA:714,9
DA:715,9
DA:716,9
DA:717,9
DA:718,81
DA:719,10
DA:720,86
DA:721,86
DA:722,79
DA:723,79
DA:724,7
DA:725,7
DA:726,7
DA:727,7
DA:728,7
DA:729,7
DA:730,7
DA:731,86
DA:732,10
DA:733,29
DA:734,29
DA:735,29
DA:736,29
DA:737,29
DA:738,29
DA:739,29
DA:740,29
DA:741,29
DA:742,29
DA:743,92
DA:744,92
DA:745,92
DA:746,92
DA:747,92
DA:748,92
DA:749,92
DA:750,6
DA:751,2
DA:752,2
DA:753,2
DA:754,2
DA:755,2
DA:756,2
DA:757,2
DA:758,4
DA:759,4
DA:760,4
DA:761,6
DA:762,6
DA:763,6
DA:764,86
DA:765,92
DA:766,3
DA:767,3
DA:768,3
DA:769,3
DA:770,3
DA:771,3
DA:772,3
DA:773,83
DA:774,92
DA:775,6
DA:776,6
DA:777,6
DA:778,6
DA:779,6
DA:780,6
DA:781,6
DA:782,6
DA:783,6
DA:784,6
DA:785,77
DA:786,92
DA:787,14
DA:788,14
DA:789,14
DA:790,14
DA:791,1
DA:792,1
DA:793,14
DA:794,14
DA:795,14
DA:796,14
DA:797,14
DA:798,14
DA:799,63
DA:800,88
DA:801,4
DA:802,4
DA:803,4
DA:804,4
DA:805,1
DA:806,1
DA:807,4
DA:808,4
DA:809,4
DA:810,4
DA:811,4
DA:812,4
DA:813,59
DA:814,84
DA:815,11
DA:816,11
DA:817,11
DA:818,11
DA:819,11
DA:820,48
DA:821,84
DA:822,30
DA:823,30
DA:824,30
DA:825,30
DA:826,30
DA:827,18
DA:828,18
DA:829,18
DA:830,29
DA:831,29
DA:832,29
DA:833,29
DA:834,29
DA:835,29
DA:836,1
DA:837,1
DA:838,1
DA:839,1
DA:840,1
DA:841,1
DA:842,29
DA:843,29
DA:844,29
DA:845,10
DA:846,149
DA:847,149
DA:848,149
DA:849,149
DA:850,149
DA:851,149
DA:852,149
DA:853,149
DA:854,149
DA:855,149
DA:856,263
DA:857,72
DA:858,2
DA:859,2
DA:860,2
DA:861,2
DA:862,2
DA:863,72
DA:864,72
DA:865,72
DA:866,72
DA:867,72
DA:868,72
DA:869,72
DA:870,72
DA:871,72
DA:872,191
DA:873,191
DA:874,191
DA:875,203
DA:876,180
DA:877,180
DA:878,263
DA:879,149
DA:880,149
DA:881,149
DA:882,149
DA:883,149
DA:884,149
DA:885,149
DA:886,149
DA:887,149
DA:888,149
DA:889,10
DA:890,94
DA:891,94
DA:892,129
DA:893,34
DA:894,34
DA:895,95
DA:896,95
DA:897,95
DA:898,103
DA:899,91
DA:900,91
DA:901,129
DA:902,3
DA:903,3
DA:904,94
DA:905,10
DA:906,76
DA:907,76
DA:908,76
DA:909,76
DA:910,2
DA:911,2
DA:912,2
DA:913,2
DA:914,2
DA:915,2
DA:916,2
DA:917,2
DA:918,2
DA:919,73
DA:920,73
DA:921,73
DA:922,73
DA:923,76
DA:924,43
DA:925,43
DA:926,43
DA:927,43
DA:928,43
DA:929,43
DA:930,43
DA:931,43
DA:932,43
DA:933,30
DA:934,72
DA:935,1
DA:936,1
DA:937,1
DA:938,1
DA:939,1
DA:940,1
DA:941,1
DA:942,1
DA:943,1
DA:944,1
DA:945,29
DA:946,29
DA:947,29
DA:948,29
DA:949,29
DA:950,29
DA:951,29
DA:952,29
DA:953,76
DA:954,10
DA:955,10
DA:956,149
DA:957,149
DA:958,149
DA:959,149
DA:960,149
DA:961,149
DA:962,149
DA:963,149
DA:964,12
DA:965,4
DA:966,4
DA:967,8
DA:968,8
DA:969,8
DA:970,149
DA:971,149
DA:972,149
DA:973,149
DA:974,149
DA:975,149
DA:976,149
DA:977,149
DA:978,149
DA:979,149
DA:980,149
DA:981,149
DA:982,149
DA:983,149
DA:984,149
DA:985,149
DA:986,149
DA:987,149
DA:988,149
DA:989,149
DA:990,149
DA:991,149
DA:992,149
DA:993,149
DA:994,149
DA:995,149
DA:996,149
DA:997,10
DA:998,10
DA:999,76
DA:1000,76
DA:1001,76
DA:1002,10
DA:1003,10
DA:1004,4
DA:1005,4
DA:1006,4
DA:1007,4
DA:1008,4
DA:1009,4
DA:1010,4
DA:1011,4
DA:1012,4
DA:1013,4
DA:1014,4
DA:1015,4
DA:1016,10
DA:1017,284
DA:1018,284
DA:1019,284
DA:1020,284
DA:1021,284
DA:1022,6
DA:1023,6
DA:1024,284
DA:1025,284
DA:1026,76
DA:1027,76
DA:1028,76
DA:1029,208
DA:1030,284
DA:1031,9
DA:1032,7
DA:1033,7
DA:1034,9
DA:1035,9
DA:1036,199
DA:1037,284
DA:1038,4
DA:1039,2
DA:1040,2
DA:1041,4
DA:1042,4
DA:1043,195
DA:1044,284
DA:1045,5
DA:1046,3
DA:1047,3
DA:1048,5
DA:1049,5
DA:1050,1
DA:1051,1
DA:1052,5
DA:1053,5
DA:1054,5
DA:1055,190
DA:1056,190
DA:1057,284
DA:1058,10
DA:1059,284
DA:1060,284
DA:1061,25
DA:1062,28
DA:1063,1
DA:1064,1
DA:1065,27
DA:1066,27
DA:1067,27
DA:1068,27
DA:1069,28
DA:1070,47
DA:1071,45
DA:1072,45
DA:1073,44
DA:1074,44
DA:1075,45
DA:1076,45
DA:1077,3
DA:1078,3
DA:1079,45
DA:1080,45
DA:1081,45
DA:1082,2
DA:1083,47
DA:1084,47
DA:1085,1
DA:1086,1
DA:1087,47
DA:1088,27
DA:1089,27
DA:1090,25
DA:1091,25
DA:1092,25
DA:1093,25
DA:1094,259
DA:1095,284
DA:1096,4
DA:1097,4
DA:1098,255
DA:1099,284
DA:1100,4
DA:1101,4
DA:1102,251
DA:1103,284
DA:1104,8
DA:1105,8
DA:1106,243
DA:1107,284
DA:1108,284
DA:1109,10
DA:1110,10
DA:1111,159
DA:1112,284
DA:1113,284
DA:1114,159
DA:1115,159
DA:1116,159
DA:1117,159
DA:1118,159
LF:1118
LH:1118
BRDA:1,0,0,10
BRDA:17,1,0,176
BRDA:20,2,0,2
BRDA:23,3,0,174
BRDA:27,4,0,9
BRDA:30,5,0,1
BRDA:33,6,0,8
BRDA:34,7,0,1
BRDA:37,8,0,7
BRDA:38,9,0,2
BRDA:41,10,0,5
BRDA:42,11,0,1
BRDA:42,12,0,4
BRDA:42,13,0,1
BRDA:42,14,0,2
BRDA:45,15,0,1
BRDA:49,16,0,3
BRDA:53,17,0,29
BRDA:54,18,0,26
BRDA:57,19,0,4
BRDA:57,20,0,3
BRDA:60,21,0,1
BRDA:63,22,0,2
BRDA:68,23,0,10
BRDA:69,24,0,1
BRDA:72,25,0,9
BRDA:75,26,0,1
BRDA:78,27,0,8
BRDA:83,28,0,2
BRDA:87,29,0,274
BRDA:88,30,0,1
BRDA:91,31,0,1
BRDA:94,32,0,298
BRDA:95,33,0,128
BRDA:95,34,0,128
BRDA:95,35,0,294
BRDA:95,36,0,170
BRDA:98,37,0,128
BRDA:102,38,0,149
BRDA:103,39,0,49
BRDA:106,40,0,100
BRDA:108,41,0,15
BRDA:112,42,0,286
BRDA:113,43,0,282
BRDA:113,44,0,9
BRDA:116,45,0,277
BRDA:117,46,0,4
BRDA:118,47,0,2
BRDA:119,48,0,1
BRDA:120,49,0,2
BRDA:122,50,0,273
BRDA:123,51,0,10
BRDA:126,52,0,263
BRDA:127,53,0,3
BRDA:130,54,0,260
BRDA:131,55,0,235
BRDA:131,56,0,31
BRDA:134,57,0,229
BRDA:135,58,0,3
BRDA:124,59,0,16
BRDA:138,60,0,271
BRDA:140,61,0,269
BRDA:142,62,0,269
BRDA:142,63,0,2
BRDA:145,64,0,649
BRDA:146,65,0,630
BRDA:148,66,0,654
BRDA:153,67,0,87
BRDA:155,68,0,16
BRDA:159,69,0,99
BRDA:173,70,0,303
BRDA:176,71,0,301
BRDA:179,72,0,2
BRDA:183,73,0,271
BRDA:184,74,0,270
BRDA:184,75,0,1
BRDA:185,76,0,111
BRDA:185,77,0,17
BRDA:185,78,0,94
BRDA:187,79,0,267
BRDA:189,80,0,76
BRDA:195,81,0,1
BRDA:198,82,0,218
BRDA:198,83,0,195
BRDA:199,84,0,178
BRDA:199,85,0,21
BRDA:201,86,0,18
BRDA:212,87,0,3
BRDA:212,88,0,1
BRDA:221,89,0,18
BRDA:221,90,0,3
BRDA:224,91,0,174
BRDA:225,92,0,3
BRDA:230,93,0,1
BRDA:231,94,0,1
BRDA:234,95,0,171
BRDA:235,96,0,8
BRDA:236,97,0,7
BRDA:236,98,0,1
BRDA:247,99,0,6
BRDA:247,100,0,2
BRDA:250,101,0,163
BRDA:251,102,0,2
BRDA:254,103,0,161
BRDA:255,104,0,3
BRDA:260,105,0,1
BRDA:263,106,0,158
BRDA:264,107,0,4
BRDA:269,108,0,2
BRDA:269,109,0,1
BRDA:270,110,0,3
BRDA:273,111,0,154
BRDA:278,112,0,2
BRDA:281,113,0,9
BRDA:282,114,0,2
BRDA:284,115,0,154
BRDA:201,116,0,30
BRDA:203,117,0,27
BRDA:203,118,0,27
BRDA:203,119,0,27
BRDA:205,120,0,1
BRDA:206,121,0,2
BRDA:206,122,0,2
BRDA:209,123,0,3
BRDA:211,124,0,30
BRDA:214,125,0,8
BRDA:215,126,0,8
BRDA:237,127,0,11
BRDA:238,128,0,9
BRDA:238,129,0,8
BRDA:239,130,0,1
BRDA:241,131,0,6
BRDA:241,132,0,3
BRDA:241,133,0,1
BRDA:242,134,0,11
BRDA:288,135,0,153
BRDA:289,136,0,152
BRDA:289,137,0,1
BRDA:293,138,0,136
BRDA:296,139,0,17
BRDA:291,140,0,254
BRDA:300,141,0,76
BRDA:304,142,0,70
BRDA:307,143,0,5
BRDA:310,144,0,30
BRDA:310,145,0,3
BRDA:313,146,0,2
BRDA:321,147,0,9
BRDA:324,148,0,1
BRDA:327,149,0,8
BRDA:330,150,0,1
BRDA:333,151,0,7
BRDA:337,152,0,2
BRDA:341,153,0,5
BRDA:342,154,0,7
BRDA:342,155,0,2
BRDA:346,156,0,3
BRDA:347,157,0,2
BRDA:351,158,0,1
BRDA:360,159,0,2
BRDA:348,160,0,4
BRDA:365,161,0,95
BRDA:368,162,0,8
BRDA:371,163,0,93
BRDA:371,164,0,87
BRDA:373,165,0,16
BRDA:378,166,0,88
BRDA:380,167,0,15
BRDA:382,168,0,188
BRDA:385,169,0,187
BRDA:385,170,0,88
BRDA:388,171,0,100
BRDA:390,172,0,100
BRDA:392,173,0,100
BRDA:405,174,0,45
BRDA:409,175,0,315
BRDA:410,176,0,42
BRDA:414,177,0,3
BRDA:414,178,0,3
BRDA:424,179,0,312
BRDA:431,180,0,45
BRDA:573,181,0,138
BRDA:574,182,0,40
BRDA:577,183,0,116
BRDA:577,184,0,40
BRDA:581,185,0,98
BRDA:583,186,0,3
BRDA:587,187,0,2
BRDA:587,188,0,1
BRDA:593,189,0,95
BRDA:595,190,0,8
BRDA:599,191,0,87
BRDA:601,192,0,2
BRDA:605,193,0,85
BRDA:609,194,0,5
BRDA:612,195,0,85
BRDA:616,196,0,177
BRDA:621,197,0,138
BRDA:621,198,0,83
BRDA:625,199,0,94
BRDA:626,200,0,1
BRDA:634,201,0,93
BRDA:638,202,0,88
BRDA:638,203,0,85
BRDA:643,204,0,84
BRDA:643,205,0,84
BRDA:435,206,0,88
BRDA:438,207,0,24
BRDA:441,208,0,2
BRDA:444,209,0,2
BRDA:448,210,0,73
BRDA:448,211,0,64
BRDA:449,212,0,37
BRDA:458,213,0,56
BRDA:458,214,0,27
BRDA:459,215,0,2
BRDA:468,216,0,25
BRDA:469,217,0,6
BRDA:474,218,0,3
BRDA:474,219,0,1
BRDA:479,220,0,47
BRDA:479,221,0,19
BRDA:480,222,0,15
BRDA:480,223,0,13
BRDA:480,224,0,56
BRDA:480,225,0,6
BRDA:481,226,0,2
BRDA:481,227,0,4
BRDA:508,228,0,13
BRDA:509,229,0,2
BRDA:514,230,0,1
BRDA:519,231,0,42
BRDA:519,232,0,11
BRDA:520,233,0,4
BRDA:540,234,0,41
BRDA:540,235,0,7
BRDA:541,236,0,32
BRDA:541,237,0,2
BRDA:549,238,0,5
BRDA:550,239,0,12
BRDA:550,240,0,2
BRDA:559,241,0,3
BRDA:565,242,0,2
BRDA:565,243,0,2
BRDA:565,244,0,1
BRDA:566,245,0,2
BRDA:484,246,0,9
BRDA:488,247,0,3
BRDA:489,248,0,3
BRDA:492,249,0,1
BRDA:493,250,0,2
BRDA:495,251,0,6
BRDA:522,252,0,9
BRDA:524,253,0,8
BRDA:524,254,0,7
BRDA:524,255,0,6
BRDA:527,256,0,3
BRDA:528,257,0,2
BRDA:528,258,0,1
BRDA:531,259,0,8
BRDA:651,260,0,97
BRDA:652,261,0,84
BRDA:655,262,0,13
BRDA:663,263,0,15
BRDA:668,264,0,2
BRDA:671,265,0,13
BRDA:675,266,0,26
BRDA:676,267,0,23
BRDA:679,268,0,15
BRDA:679,269,0,12
BRDA:685,270,0,25
BRDA:685,271,0,3
BRDA:692,272,0,23
BRDA:699,273,0,13
BRDA:703,274,0,81
BRDA:704,275,0,9
BRDA:704,276,0,72
BRDA:709,277,0,9
BRDA:720,278,0,86
BRDA:721,279,0,79
BRDA:724,280,0,7
BRDA:733,281,0,29
BRDA:742,282,0,92
BRDA:749,283,0,6
BRDA:750,284,0,4
BRDA:750,285,0,2
BRDA:764,286,0,86
BRDA:765,287,0,3
BRDA:773,288,0,83
BRDA:774,289,0,6
BRDA:785,290,0,77
BRDA:786,291,0,14
BRDA:790,292,0,8
BRDA:790,293,0,1
BRDA:799,294,0,88
BRDA:799,295,0,63
BRDA:800,296,0,4
BRDA:804,297,0,3
BRDA:804,298,0,1
BRDA:813,299,0,84
BRDA:813,300,0,59
BRDA:814,301,0,11
BRDA:820,302,0,48
BRDA:821,303,0,30
BRDA:827,304,0,18
BRDA:835,305,0,1
BRDA:846,306,0,149
BRDA:855,307,0,263
BRDA:856,308,0,72
BRDA:857,309,0,70
BRDA:857,310,0,2
BRDA:872,311,0,203
BRDA:872,312,0,191
BRDA:875,313,0,180
BRDA:880,314,0,5
BRDA:890,315,0,94
BRDA:891,316,0,129
BRDA:892,317,0,128
BRDA:892,318,0,34
BRDA:895,319,0,103
BRDA:895,320,0,95
BRDA:898,321,0,91
BRDA:902,322,0,3
BRDA:906,323,0,76
BRDA:909,324,0,2
BRDA:919,325,0,73
BRDA:923,326,0,43
BRDA:933,327,0,72
BRDA:933,328,0,30
BRDA:934,329,0,1
BRDA:945,330,0,29
BRDA:955,331,0,149
BRDA:957,332,0,75
BRDA:957,333,0,72
BRDA:958,334,0,49
BRDA:963,335,0,12
BRDA:964,336,0,9
BRDA:964,337,0,8
BRDA:964,338,0,10
BRDA:964,339,0,4
BRDA:967,340,0,8
BRDA:971,341,0,29
BRDA:971,342,0,10
BRDA:972,343,0,95
BRDA:972,344,0,94
BRDA:998,345,0,76
BRDA:1003,346,0,4
BRDA:1017,347,0,284
BRDA:1018,348,0,3
BRDA:1018,349,0,1
BRDA:1021,350,0,6
BRDA:1025,351,0,280
BRDA:1025,352,0,76
BRDA:1029,353,0,208
BRDA:1030,354,0,9
BRDA:1031,355,0,7
BRDA:1036,356,0,199
BRDA:1037,357,0,4
BRDA:1038,358,0,2
BRDA:1043,359,0,195
BRDA:1044,360,0,5
BRDA:1045,361,0,3
BRDA:1049,362,0,1
BRDA:1055,363,0,190
BRDA:1059,364,0,284
BRDA:1060,365,0,265
BRDA:1060,366,0,25
BRDA:1094,367,0,259
BRDA:1095,368,0,4
BRDA:1096,369,0,2
BRDA:1098,370,0,255
BRDA:1099,371,0,4
BRDA:1100,372,0,2
BRDA:1102,373,0,274
BRDA:1102,374,0,251
BRDA:1103,375,0,246
BRDA:1103,376,0,8
BRDA:1106,377,0,243
BRDA:1107,378,0,13
BRDA:1061,379,0,28
BRDA:1062,380,0,1
BRDA:1065,381,0,27
BRDA:1069,382,0,47
BRDA:1070,383,0,45
BRDA:1070,384,0,45
BRDA:1071,385,0,1
BRDA:1072,386,0,44
BRDA:1076,387,0,4
BRDA:1076,388,0,3
BRDA:1082,389,0,5
BRDA:1082,390,0,2
BRDA:1083,391,0,1
BRDA:1084,392,0,1
BRDA:1088,393,0,27
BRDA:1110,394,0,159
BRDA:1111,395,0,1
BRDA:1111,396,0,284
BRF:397
BRH:397
end_of_record
TN:
SF:src/doc-service.js
FN:12,assertWithinRoot
FN:22,toClientDocument
FN:29,parseStubTarget
FN:65,buildDocStub
FN:85,writeDocStub
FN:90,persistDocumentArtifacts
FN:102,normalizeRelativeDocPath
FN:113,resolveDocumentPath
FN:119,ingestWorkspace
FN:169,createDocument
FN:188,saveDocument
FN:207,getDocumentByRelativePath
FN:213,saveDocumentSourceByRelativePath
FN:227,saveDocumentSourceToDbAndArchive
FN:239,getDocument
FN:244,listOrSearchDocuments
FN:248,reconstructDocument
FNF:17
FNH:17
FNDA:42,assertWithinRoot
FNDA:28,toClientDocument
FNDA:18,parseStubTarget
FNDA:23,buildDocStub
FNDA:20,writeDocStub
FNDA:20,persistDocumentArtifacts
FNDA:15,normalizeRelativeDocPath
FNDA:10,resolveDocumentPath
FNDA:15,ingestWorkspace
FNDA:5,createDocument
FNDA:3,saveDocument
FNDA:2,getDocumentByRelativePath
FNDA:2,saveDocumentSourceByRelativePath
FNDA:3,saveDocumentSourceToDbAndArchive
FNDA:2,getDocument
FNDA:3,listOrSearchDocuments
FNDA:2,reconstructDocument
DA:1,6
DA:2,6
DA:3,6
DA:4,6
DA:5,6
DA:6,6
DA:7,6
DA:8,6
DA:9,6
DA:10,6
DA:11,6
DA:12,42
DA:13,42
DA:14,42
DA:15,42
DA:16,1
DA:17,1
DA:18,41
DA:19,42
DA:20,42
DA:21,6
DA:22,28
DA:23,28
DA:24,28
DA:25,28
DA:26,28
DA:27,28
DA:28,6
DA:29,18
DA:30,18
DA:31,18
DA:32,18
DA:33,18
DA:34,10
DA:35,10
DA:36,8
DA:37,8
DA:38,18
DA:39,18
DA:40,18
DA:41,18
DA:42,18
DA:43,18
DA:44,18
DA:45,18
DA:46,18
DA:47,18
DA:48,18
DA:49,18
DA:50,18
DA:51,18
DA:52,18
DA:53,18
DA:54,18
DA:55,18
DA:56,18
DA:57,18
DA:58,18
DA:59,18
DA:60,18
DA:61,18
DA:62,18
DA:63,18
DA:64,6
DA:65,23
DA:66,23
DA:67,23
DA:68,23
DA:69,23
DA:70,23
DA:71,23
DA:72,23
DA:73,23
DA:74,23
DA:75,23
DA:76,23
DA:77,23
DA:78,23
DA:79,23
DA:80,23
DA:81,23
DA:82,23
DA:83,23
DA:84,6
DA:85,20
DA:86,20
DA:87,20
DA:88,20
DA:89,6
DA:90,20
DA:91,20
DA:92,20
DA:93,20
DA:94,20
DA:95,20
DA:96,20
DA:97,20
DA:98,19
DA:99,19
DA:100,20
DA:101,6
DA:102,15
DA:103,15
DA:104,15
DA:105,15
DA:106,15
DA:107,2
DA:108,2
DA:109,13
DA:110,13
DA:111,15
DA:112,6
DA:113,10
DA:114,10
DA:115,10
DA:116,10
DA:117,10
DA:118,6
DA:119,6
DA:120,15
DA:121,15
DA:122,15
DA:123,15
DA:124,18
DA:125,18
DA:126,18
DA:127,18
DA:128,18
DA:129,18
DA:130,18
DA:131,18
DA:132,8
DA:133,8
DA:134,8
DA:135,3
DA:136,3
DA:137,3
DA:138,3
DA:139,3
DA:140,3
DA:141,3
DA:142,3
DA:143,5
DA:144,5
DA:145,3
DA:146,3
DA:147,1
DA:148,1
DA:149,1
DA:150,1
DA:151,3
DA:152,2
DA:153,2
DA:154,3
DA:155,5
DA:156,5
DA:157,5
DA:158,10
DA:159,10
DA:160,10
DA:161,10
DA:162,10
DA:163,10
DA:164,10
DA:165,15
DA:166,15
DA:167,15
DA:168,6
DA:169,6
DA:170,5
DA:171,5
DA:172,5
DA:173,5
DA:174,2
DA:175,5
DA:176,5
DA:177,5
DA:178,5
DA:179,5
DA:180,5
DA:181,5
DA:182,5
DA:183,5
DA:184,5
DA:185,2
DA:186,5
DA:187,6
DA:188,6
DA:189,3
DA:190,3
DA:191,3
DA:192,1
DA:193,1
DA:194,2
DA:195,2
DA:196,3
DA:197,3
DA:198,3
DA:199,3
DA:200,3
DA:201,3
DA:202,3
DA:203,3
DA:204,2
DA:205,3
DA:206,6
DA:207,6
DA:208,2
DA:209,2
DA:210,2
DA:211,2
DA:212,6
DA:213,6
DA:214,2
DA:215,2
DA:216,2
DA:217,2
DA:218,2
DA:219,2
DA:220,6
DA:221,6
DA:222,6
DA:223,6
DA:224,6
DA:225,6
DA:226,6
DA:227,6
DA:228,3
DA:229,3
DA:230,3
DA:231,3
DA:232,3
DA:233,3
DA:234,3
DA:235,3
DA:236,3
DA:237,3
DA:238,6
DA:239,6
DA:240,2
DA:241,2
DA:242,2
DA:243,6
DA:244,6
DA:245,3
DA:246,3
DA:247,6
DA:248,6
DA:249,2
DA:250,2
DA:251,2
DA:252,1
DA:253,1
DA:254,1
DA:255,1
DA:256,1
DA:257,2
LF:257
LH:257
BRDA:1,0,0,6
BRDA:12,1,0,42
BRDA:15,2,0,41
BRDA:15,3,0,1
BRDA:18,4,0,41
BRDA:19,5,0,1
BRDA:22,6,0,28
BRDA:29,7,0,18
BRDA:31,8,0,1
BRDA:33,9,0,17
BRDA:33,10,0,14
BRDA:33,11,0,10
BRDA:36,12,0,8
BRDA:38,13,0,2
BRDA:48,14,0,7
BRDA:48,15,0,1
BRDA:55,16,0,3
BRDA:55,17,0,5
BRDA:56,18,0,3
BRDA:56,19,0,5
BRDA:57,20,0,6
BRDA:57,21,0,2
BRDA:58,22,0,3
BRDA:58,23,0,5
BRDA:59,24,0,3
BRDA:59,25,0,5
BRDA:60,26,0,3
BRDA:60,27,0,5
BRDA:61,28,0,3
BRDA:61,29,0,5
BRDA:31,30,0,112
BRDA:40,31,0,16
BRDA:41,32,0,28
BRDA:42,33,0,22
BRDA:43,34,0,25
BRDA:44,35,0,31
BRDA:45,36,0,34
BRDA:46,37,0,37
BRDA:47,38,0,40
BRDA:65,39,0,23
BRDA:85,40,0,20
BRDA:90,41,0,20
BRDA:97,42,0,1
BRDA:97,43,0,19
BRDA:102,44,0,15
BRDA:104,45,0,1
BRDA:106,46,0,14
BRDA:106,47,0,2
BRDA:109,48,0,13
BRDA:113,49,0,10
BRDA:119,50,0,15
BRDA:123,51,0,18
BRDA:131,52,0,8
BRDA:134,53,0,7
BRDA:134,54,0,3
BRDA:136,55,0,1
BRDA:143,56,0,5
BRDA:144,57,0,3
BRDA:147,58,0,1
BRDA:151,59,0,2
BRDA:155,60,0,5
BRDA:158,61,0,10
BRDA:169,62,0,5
BRDA:174,63,0,2
BRDA:175,64,0,1
BRDA:175,65,0,1
BRDA:181,66,0,2
BRDA:185,67,0,2
BRDA:188,68,0,3
BRDA:191,69,0,1
BRDA:194,70,0,2
BRDA:196,71,0,1
BRDA:197,72,0,1
BRDA:198,73,0,2
BRDA:199,74,0,2
BRDA:200,75,0,1
BRDA:200,76,0,1
BRDA:204,77,0,2
BRDA:207,78,0,2
BRDA:210,79,0,1
BRDA:210,80,0,1
BRDA:213,81,0,2
BRDA:215,82,0,1
BRDA:227,83,0,3
BRDA:229,84,0,2
BRDA:239,85,0,2
BRDA:241,86,0,1
BRDA:241,87,0,1
BRDA:244,88,0,3
BRDA:245,89,0,3
BRDA:248,90,0,2
BRDA:251,91,0,1
BRF:92
BRH:92
end_of_record
TN:
SF:src/doc-view.js
FN:3,escapeHtml
FN:12,escapeStyleTagContent
FN:16,toStringItems
FN:21,decorateRootTag
FN:38,getDecoratedAttrs
FN:57,renderBlock
FN:121,renderDocumentViewHtml
FNF:7
FNH:7
FNDA:279,escapeHtml
FNDA:2,escapeStyleTagContent
FNDA:6,toStringItems
FNDA:24,decorateRootTag
FNDA:10,getDecoratedAttrs
FNDA:40,renderBlock
FNDA:11,renderDocumentViewHtml
DA:1,2
DA:2,2
DA:3,279
DA:4,279
DA:5,279
DA:6,279
DA:7,279
DA:8,279
DA:9,279
DA:10,279
DA:11,2
DA:12,2
DA:13,2
DA:14,2
DA:15,2
DA:16,6
DA:17,6
DA:18,5
DA:19,6
DA:20,2
DA:21,24
DA:22,24
DA:23,24
DA:24,24
DA:25,24
DA:26,11
DA:27,11
DA:28,11
DA:29,24
DA:30,24
DA:31,5
DA:32,5
DA:33,5
DA:34,24
DA:35,24
DA:36,24
DA:37,2
DA:38,10
DA:39,10
DA:40,10
DA:41,10
DA:42,10
DA:43,4
DA:44,4
DA:45,4
DA:46,10
DA:47,10
DA:48,8
DA:49,8
DA:50,8
DA:51,8
DA:52,8
DA:53,10
DA:54,10
DA:55,10
DA:56,2
DA:57,40
DA:58,40
DA:59,40
DA:60,40
DA:61,6
DA:62,6
DA:63,34
DA:64,40
DA:65,3
DA:66,3
DA:67,3
DA:68,3
DA:69,3
DA:70,31
DA:71,40
DA:72,4
DA:73,4
DA:74,4
DA:75,4
DA:76,27
DA:77,40
DA:78,2
DA:79,2
DA:80,2
DA:81,2
DA:82,25
DA:83,40
DA:84,5
DA:85,5
DA:86,5
DA:87,5
DA:88,5
DA:89,5
DA:90,5
DA:91,5
DA:92,20
DA:93,40
DA:94,2
DA:95,2
DA:96,2
DA:97,18
DA:98,40
DA:99,2
DA:100,2
DA:101,2
DA:102,2
DA:103,16
DA:104,40
DA:105,3
DA:106,3
DA:107,3
DA:108,3
DA:109,3
DA:110,3
DA:111,13
DA:112,40
DA:113,2
DA:114,2
DA:115,2
DA:116,11
DA:117,11
DA:118,40
DA:119,40
DA:120,2
DA:121,2
DA:122,11
DA:123,11
DA:124,11
DA:125,11
DA:126,11
DA:127,11
DA:128,11
DA:129,11
DA:130,11
DA:131,11
DA:132,11
DA:133,11
DA:134,11
DA:135,11
DA:136,11
DA:137,11
DA:138,11
DA:139,11
DA:140,11
DA:141,11
DA:142,11
DA:143,11
DA:144,11
DA:145,11
DA:146,11
DA:147,11
DA:148,11
DA:149,11
DA:150,40
DA:151,40
DA:152,40
DA:153,40
DA:154,6
DA:155,6
DA:156,40
DA:157,15
DA:158,15
DA:159,40
DA:160,40
DA:161,11
DA:162,11
DA:163,11
DA:164,11
DA:165,11
DA:166,11
DA:167,11
DA:168,11
DA:169,11
DA:170,11
DA:171,11
DA:172,11
DA:173,11
DA:174,11
DA:175,11
DA:176,11
DA:177,11
DA:178,11
DA:179,11
DA:180,11
DA:181,11
DA:182,11
DA:183,11
DA:184,11
DA:185,11
DA:186,11
LF:186
LH:186
BRDA:1,0,0,2
BRDA:3,1,0,279
BRDA:4,2,0,19
BRDA:12,3,0,2
BRDA:16,4,0,6
BRDA:17,5,0,1
BRDA:18,6,0,5
BRDA:18,7,0,10
BRDA:18,8,0,9
BRDA:18,9,0,8
BRDA:18,10,0,2
BRDA:21,11,0,24
BRDA:25,12,0,11
BRDA:30,13,0,5
BRDA:35,14,0,11
BRDA:35,15,0,13
BRDA:38,16,0,10
BRDA:42,17,0,4
BRDA:47,18,0,8
BRDA:54,19,0,9
BRDA:54,20,0,1
BRDA:57,21,0,40
BRDA:58,22,0,1
BRDA:60,23,0,37
BRDA:60,24,0,34
BRDA:60,25,0,6
BRDA:64,26,0,3
BRDA:65,27,0,1
BRDA:66,28,0,1
BRDA:70,29,0,33
BRDA:70,30,0,31
BRDA:71,31,0,27
BRDA:71,32,0,4
BRDA:76,33,0,27
BRDA:77,34,0,2
BRDA:82,35,0,25
BRDA:83,36,0,5
BRDA:84,37,0,4
BRDA:84,38,0,1
BRDA:92,39,0,20
BRDA:93,40,0,2
BRDA:95,41,0,1
BRDA:97,42,0,18
BRDA:98,43,0,2
BRDA:99,44,0,1
BRDA:103,45,0,16
BRDA:104,46,0,3
BRDA:105,47,0,2
BRDA:106,48,0,1
BRDA:107,49,0,2
BRDA:107,50,0,1
BRDA:111,51,0,13
BRDA:112,52,0,2
BRDA:116,53,0,11
BRDA:118,54,0,4
BRDA:74,55,0,4
BRDA:80,56,0,4
BRDA:86,57,0,5
BRDA:87,58,0,4
BRDA:88,59,0,4
BRDA:88,60,0,2
BRDA:88,61,0,1
BRDA:89,62,0,3
BRDA:89,63,0,2
BRDA:89,64,0,3
BRDA:89,65,0,2
BRDA:121,66,0,11
BRDA:130,67,0,2
BRDA:130,68,0,2
BRDA:131,69,0,8
BRDA:133,70,0,3
BRDA:134,71,0,8
BRDA:134,72,0,7
BRDA:134,73,0,1
BRDA:143,74,0,9
BRDA:144,75,0,3
BRDA:144,76,0,9
BRDA:145,77,0,3
BRDA:145,78,0,9
BRDA:146,79,0,3
BRDA:147,80,0,3
BRDA:147,81,0,8
BRDA:180,82,0,8
BRDA:136,83,0,40
BRDA:136,84,0,1
BRDA:137,85,0,3
BRDA:137,86,0,1
BRDA:140,87,0,40
BRDA:140,88,0,1
BRDA:141,89,0,3
BRDA:141,90,0,2
BRDA:141,91,0,1
BRDA:149,92,0,40
BRDA:150,93,0,1
BRDA:153,94,0,6
BRDA:156,95,0,15
BRDA:163,96,0,2
BRDA:166,97,0,2
BRF:98
BRH:98
end_of_record
TN:
SF:src/global-db-path.js
FN:4,resolveDocDbPath
FN:14,resolveDocDbDir
FNF:2
FNH:2
FNDA:5,resolveDocDbPath
FNDA:2,resolveDocDbDir
DA:1,1
DA:2,1
DA:3,1
DA:4,1
DA:5,5
DA:6,5
DA:7,5
DA:8,2
DA:9,2
DA:10,3
DA:11,3
DA:12,5
DA:13,1
DA:14,1
DA:15,2
DA:16,2
LF:16
LH:16
BRDA:1,0,0,1
BRDA:4,1,0,5
BRDA:5,2,0,1
BRDA:7,3,0,2
BRDA:10,4,0,3
BRDA:14,5,0,2
BRF:6
BRH:6
end_of_record
TN:
SF:src/sqlite-native.js
FNF:0
FNH:0
DA:1,9
DA:2,9
DA:3,9
DA:4,9
DA:5,9
DA:6,9
DA:7,9
DA:8,9
DA:9,9
DA:10,9
DA:11,9
DA:12,9
DA:13,1
DA:14,1
DA:15,9
DA:16,9
DA:17,9
DA:18,9
DA:19,8
DA:20,9
DA:21,1
DA:22,1
DA:23,1
DA:24,9
DA:25,9
DA:26,9
LF:26
LH:26
BRDA:1,0,0,9
BRDA:4,1,0,8
BRDA:12,2,0,1
BRDA:18,3,0,8
BRDA:18,4,0,8
BRDA:20,5,0,1
BRF:6
BRH:6
end_of_record
TN:
SF:src/view-state.js
FN:1,sanitizeAppearance
FN:15,sanitizeViewport
FN:40,normalizeDocumentViewState
FN:57,mergeDocumentViewState
FN:79,readDocumentViewState
FNF:5
FNH:5
FNDA:13,sanitizeAppearance
FNDA:13,sanitizeViewport
FNDA:13,normalizeDocumentViewState
FNDA:3,mergeDocumentViewState
FNDA:10,readDocumentViewState
DA:1,13
DA:2,13
DA:3,13
DA:4,13
DA:5,13
DA:6,13
DA:7,13
DA:8,13
DA:9,13
DA:10,13
DA:11,13
DA:12,13
DA:13,13
DA:14,4
DA:15,13
DA:16,13
DA:17,13
DA:18,13
DA:19,13
DA:20,13
DA:21,13
DA:22,13
DA:23,13
DA:24,13
DA:25,13
DA:26,13
DA:27,13
DA:28,13
DA:29,13
DA:30,13
DA:31,13
DA:32,13
DA:33,13
DA:34,13
DA:35,13
DA:36,13
DA:37,13
DA:38,13
DA:39,4
DA:40,4
DA:41,13
DA:42,13
DA:43,13
DA:44,13
DA:45,13
DA:46,13
DA:47,13
DA:48,13
DA:49,13
DA:50,13
DA:51,13
DA:52,13
DA:53,13
DA:54,13
DA:55,13
DA:56,4
DA:57,4
DA:58,3
DA:59,3
DA:60,3
DA:61,3
DA:62,3
DA:63,3
DA:64,3
DA:65,3
DA:66,3
DA:67,3
DA:68,3
DA:69,3
DA:70,3
DA:71,3
DA:72,3
DA:73,3
DA:74,3
DA:75,3
DA:76,3
DA:77,3
DA:78,4
DA:79,4
DA:80,10
DA:81,2
DA:82,2
DA:83,8
DA:84,8
DA:85,8
DA:86,10
DA:87,1
DA:88,1
DA:89,7
DA:90,7
DA:91,10
DA:92,2
DA:93,2
DA:94,4
DA:95,6
DA:96,1
DA:97,1
DA:98,10
LF:98
LH:98
BRDA:1,0,0,4
BRDA:1,1,0,13
BRDA:2,2,0,10
BRDA:2,3,0,10
BRDA:2,4,0,3
BRDA:3,5,0,3
BRDA:4,6,0,3
BRDA:6,7,0,10
BRDA:6,8,0,3
BRDA:9,9,0,12
BRDA:9,10,0,1
BRDA:10,11,0,11
BRDA:10,12,0,2
BRDA:15,13,0,13
BRDA:16,14,0,10
BRDA:16,15,0,10
BRDA:16,16,0,3
BRDA:23,17,0,10
BRDA:23,18,0,8
BRDA:23,19,0,5
BRDA:24,20,0,10
BRDA:24,21,0,10
BRDA:24,22,0,3
BRDA:25,23,0,8
BRDA:25,24,0,5
BRDA:25,25,0,8
BRDA:26,26,0,10
BRDA:26,27,0,3
BRDA:27,28,0,8
BRDA:28,29,0,8
BRDA:29,30,0,5
BRDA:40,31,0,13
BRDA:41,32,0,12
BRDA:41,33,0,12
BRDA:41,34,0,1
BRDA:42,35,0,3
BRDA:43,36,0,4
BRDA:44,37,0,9
BRDA:45,38,0,8
BRDA:48,39,0,11
BRDA:48,40,0,2
BRDA:49,41,0,11
BRDA:49,42,0,2
BRDA:57,43,0,3
BRDA:59,44,0,2
BRDA:59,45,0,1
BRDA:62,46,0,2
BRDA:66,47,0,2
BRDA:66,48,0,1
BRDA:66,49,0,2
BRDA:70,50,0,2
BRDA:70,51,0,1
BRDA:70,52,0,2
BRDA:79,53,0,10
BRDA:80,54,0,9
BRDA:80,55,0,8
BRDA:80,56,0,2
BRDA:86,57,0,7
BRDA:86,58,0,1
BRDA:89,59,0,7
BRDA:91,60,0,5
BRDA:91,61,0,2
BRDA:94,62,0,6
BRDA:94,63,0,4
BRDA:95,64,0,1
BRF:65
BRH:65
end_of_record
TN:
SF:vscode-extension/media/doc-pipeline.js
FN:1,normalizeClassName
FN:9,splitClassNames
FN:14,parseAttributes
FN:34,isBulletedListType
FN:38,isNumberedListType
FN:42,parseListItems
FN:48,parseLeadingAttributesAndRemainder
FN:74,unwrapSyntheticParagraphWrappers
FN:102,parseSourceBlocks
FNF:9
FNH:9
FNDA:147,normalizeClassName
FNDA:75,splitClassNames
FNDA:5,parseAttributes
FNDA:56,isBulletedListType
FNDA:52,isNumberedListType
FNDA:12,parseListItems
FNDA:74,parseLeadingAttributesAndRemainder
FNDA:47,unwrapSyntheticParagraphWrappers
FNDA:47,parseSourceBlocks
DA:1,7
DA:2,147
DA:3,147
DA:4,147
DA:5,147
DA:6,147
DA:7,147
DA:8,7
DA:9,7
DA:10,75
DA:11,75
DA:12,75
DA:13,7
DA:14,7
DA:15,5
DA:16,5
DA:17,5
DA:18,5
DA:19,5
DA:20,5
DA:21,9
DA:22,9
DA:23,9
DA:24,9
DA:25,9
DA:26,9
DA:27,9
DA:28,9
DA:29,9
DA:30,5
DA:31,5
DA:32,5
DA:33,7
DA:34,7
DA:35,56
DA:36,56
DA:37,7
DA:38,7
DA:39,52
DA:40,52
DA:41,7
DA:42,7
DA:43,12
DA:44,12
DA:45,12
DA:46,12
DA:47,7
DA:48,74
DA:49,74
DA:50,74
DA:51,74
DA:52,74
DA:53,136
DA:54,136
DA:55,74
DA:56,74
DA:57,62
DA:58,62
DA:59,136
DA:60,136
DA:61,136
DA:62,62
DA:63,62
DA:64,62
DA:65,62
DA:66,62
DA:67,74
DA:68,74
DA:69,74
DA:70,74
DA:71,74
DA:72,74
DA:73,7
DA:74,47
DA:75,47
DA:76,47
DA:77,47
DA:78,47
DA:79,209
DA:80,209
DA:81,209
DA:82,209
DA:83,209
DA:84,4
DA:85,4
DA:86,4
DA:87,4
DA:88,4
DA:89,4
DA:90,2
DA:91,2
DA:92,2
DA:93,2
DA:94,4
DA:95,207
DA:96,207
DA:97,207
DA:98,47
DA:99,47
DA:100,47
DA:101,7
DA:102,7
DA:103,47
DA:104,47
DA:105,47
DA:106,47
DA:107,47
DA:108,47
DA:109,5
DA:110,5
DA:111,47
DA:112,47
DA:113,53
DA:114,53
DA:115,2
DA:116,2
DA:117,2
DA:118,53
DA:119,35
DA:120,35
DA:121,53
DA:122,14
DA:123,14
DA:124,2
DA:125,2
DA:126,47
DA:127,47
DA:128,89
DA:129,89
DA:130,89
DA:131,3
DA:132,3
DA:133,3
DA:134,86
DA:135,89
DA:136,7
DA:137,7
DA:138,7
DA:139,7
DA:140,79
DA:141,79
DA:142,89
DA:143,27
DA:144,27
DA:145,27
DA:146,27
DA:147,27
DA:148,27
DA:149,27
DA:150,2
DA:151,2
DA:152,2
DA:153,2
DA:154,2
DA:155,2
DA:156,2
DA:157,2
DA:158,2
DA:159,2
DA:160,25
DA:161,27
DA:162,1
DA:163,1
DA:164,1
DA:165,1
DA:166,1
DA:167,1
DA:168,1
DA:169,1
DA:170,1
DA:171,1
DA:172,24
DA:173,27
DA:174,5
DA:175,5
DA:176,5
DA:177,5
DA:178,5
DA:179,5
DA:180,5
DA:181,5
DA:182,5
DA:183,5
DA:184,5
DA:185,19
DA:186,27
DA:187,2
DA:188,2
DA:189,2
DA:190,2
DA:191,2
DA:192,2
DA:193,2
DA:194,2
DA:195,2
DA:196,2
DA:197,2
DA:198,2
DA:199,17
DA:200,27
DA:201,2
DA:202,2
DA:203,2
DA:204,2
DA:205,2
DA:206,2
DA:207,2
DA:208,2
DA:209,2
DA:210,2
DA:211,15
DA:212,27
DA:213,2
DA:214,2
DA:215,2
DA:216,2
DA:217,2
DA:218,2
DA:219,2
DA:220,2
DA:221,2
DA:222,2
DA:223,13
DA:224,26
DA:225,3
DA:226,3
DA:227,3
DA:228,3
DA:229,3
DA:230,3
DA:231,3
DA:232,3
DA:233,3
DA:234,3
DA:235,3
DA:236,3
DA:237,3
DA:238,3
DA:239,3
DA:240,3
DA:241,10
DA:242,26
DA:243,2
DA:244,2
DA:245,2
DA:246,2
DA:247,2
DA:248,2
DA:249,2
DA:250,2
DA:251,2
DA:252,2
DA:253,2
DA:254,8
DA:255,8
DA:256,8
DA:257,27
DA:258,27
DA:259,27
DA:260,27
DA:261,27
DA:262,27
DA:263,27
DA:264,6
DA:265,6
DA:266,6
DA:267,8
DA:268,27
DA:269,7
DA:270,7
DA:271,8
DA:272,8
DA:273,8
DA:274,8
DA:275,52
DA:276,52
DA:277,52
DA:278,89
DA:279,2
DA:280,2
DA:281,2
DA:282,50
DA:283,50
DA:284,89
DA:285,3
DA:286,3
DA:287,3
DA:288,89
DA:289,89
DA:290,89
DA:291,89
DA:292,89
DA:293,89
DA:294,3
DA:295,3
DA:296,47
DA:297,47
DA:298,89
DA:299,3
DA:300,3
DA:301,3
DA:302,3
DA:303,3
DA:304,3
DA:305,3
DA:306,3
DA:307,44
DA:308,89
DA:309,99
DA:310,99
DA:311,99
DA:312,99
DA:313,99
DA:314,41
DA:315,41
DA:316,58
DA:317,99
DA:318,1
DA:319,1
DA:320,1
DA:321,1
DA:322,1
DA:323,1
DA:324,57
DA:325,57
DA:326,57
DA:327,57
DA:328,44
DA:329,89
DA:330,89
DA:331,89
DA:332,42
DA:333,42
DA:334,44
DA:335,44
DA:336,44
DA:337,89
DA:338,6
DA:339,6
DA:340,6
DA:341,6
DA:342,6
DA:343,6
DA:344,6
DA:345,6
DA:346,6
DA:347,6
DA:348,6
DA:349,6
DA:350,38
DA:351,89
DA:352,2
DA:353,2
DA:354,2
DA:355,2
DA:356,2
DA:357,2
DA:358,2
DA:359,2
DA:360,2
DA:361,36
DA:362,89
DA:363,3
DA:364,3
DA:365,3
DA:366,3
DA:367,3
DA:368,3
DA:369,3
DA:370,3
DA:371,3
DA:372,33
DA:373,89
DA:374,2
DA:375,2
DA:376,2
DA:377,2
DA:378,2
DA:379,2
DA:380,5
DA:381,5
DA:382,2
DA:383,2
DA:384,2
DA:385,2
DA:386,2
DA:387,2
DA:388,31
DA:389,89
DA:390,3
DA:391,3
DA:392,3
DA:393,3
DA:394,3
DA:395,3
DA:396,3
DA:397,3
DA:398,3
DA:399,3
DA:400,28
DA:401,89
DA:402,2
DA:403,2
DA:404,2
DA:405,2
DA:406,2
DA:407,2
DA:408,2
DA:409,2
DA:410,2
DA:411,26
DA:412,89
DA:413,4
DA:414,4
DA:415,4
DA:416,4
DA:417,4
DA:418,4
DA:419,4
DA:420,4
DA:421,4
DA:422,4
DA:423,22
DA:424,89
DA:425,89
DA:426,89
DA:427,3
DA:428,3
DA:429,19
DA:430,19
DA:431,19
DA:432,89
DA:433,89
DA:434,89
DA:435,89
DA:436,89
DA:437,89
DA:438,89
DA:439,3
DA:440,3
DA:441,19
DA:442,19
DA:443,19
DA:444,47
DA:445,47
DA:446,47
LF:446
LH:446
BRDA:1,0,0,7
BRDA:1,1,0,147
BRDA:2,2,0,121
BRDA:4,3,0,154
BRDA:9,4,0,75
BRDA:11,5,0,13
BRDA:11,6,0,62
BRDA:14,7,0,5
BRDA:17,8,0,1
BRDA:20,9,0,9
BRDA:22,10,0,7
BRDA:22,11,0,5
BRDA:34,12,0,56
BRDA:35,13,0,55
BRDA:38,14,0,52
BRDA:42,15,0,12
BRDA:43,16,0,1
BRDA:44,17,0,18
BRDA:44,18,0,1
BRDA:48,19,0,74
BRDA:50,20,0,24
BRDA:52,21,0,136
BRDA:54,22,0,74
BRDA:57,23,0,62
BRDA:59,24,0,62
BRDA:61,25,0,62
BRDA:74,26,0,47
BRDA:75,27,0,8
BRDA:78,28,0,209
BRDA:79,29,0,15
BRDA:83,30,0,4
BRDA:83,31,0,4
BRDA:85,32,0,1
BRDA:87,33,0,1
BRDA:89,34,0,2
BRDA:95,35,0,207
BRDA:102,36,0,47
BRDA:103,37,0,8
BRDA:108,38,0,39
BRDA:108,39,0,5
BRDA:112,40,0,53
BRDA:114,41,0,2
BRDA:118,42,0,51
BRDA:118,43,0,35
BRDA:121,44,0,28
BRDA:121,45,0,16
BRDA:121,46,0,8
BRDA:121,47,0,35
BRDA:121,48,0,14
BRDA:124,49,0,2
BRDA:127,50,0,89
BRDA:130,51,0,3
BRDA:134,52,0,86
BRDA:135,53,0,7
BRDA:140,54,0,79
BRDA:142,55,0,27
BRDA:144,56,0,4
BRDA:149,57,0,2
BRDA:154,58,0,1
BRDA:160,59,0,25
BRDA:161,60,0,1
BRDA:172,61,0,24
BRDA:173,62,0,5
BRDA:178,63,0,4
BRDA:178,64,0,2
BRDA:178,65,0,1
BRDA:179,66,0,4
BRDA:185,67,0,19
BRDA:186,68,0,2
BRDA:187,69,0,1
BRDA:190,70,0,1
BRDA:199,71,0,17
BRDA:200,72,0,2
BRDA:203,73,0,1
BRDA:205,74,0,1
BRDA:205,75,0,1
BRDA:211,76,0,15
BRDA:212,77,0,2
BRDA:217,78,0,1
BRDA:217,79,0,1
BRDA:223,80,0,26
BRDA:223,81,0,13
BRDA:224,82,0,3
BRDA:228,83,0,2
BRDA:228,84,0,1
BRDA:228,85,0,1
BRDA:229,86,0,1
BRDA:233,87,0,2
BRDA:241,88,0,10
BRDA:242,89,0,2
BRDA:245,90,0,1
BRDA:247,91,0,1
BRDA:254,92,0,23
BRDA:254,93,0,8
BRDA:257,94,0,7
BRDA:259,95,0,2
BRDA:259,96,0,6
BRDA:263,97,0,26
BRDA:263,98,0,6
BRDA:265,99,0,5
BRDA:265,100,0,1
BRDA:267,101,0,8
BRDA:268,102,0,2
BRDA:268,103,0,23
BRDA:268,104,0,7
BRDA:271,105,0,8
BRDA:275,106,0,52
BRDA:278,107,0,2
BRDA:282,108,0,50
BRDA:284,109,0,3
BRDA:288,110,0,47
BRDA:288,111,0,20
BRDA:292,112,0,44
BRDA:293,113,0,3
BRDA:296,114,0,47
BRDA:298,115,0,3
BRDA:302,116,0,1
BRDA:307,117,0,44
BRDA:308,118,0,99
BRDA:309,119,0,4
BRDA:313,120,0,96
BRDA:313,121,0,41
BRDA:316,122,0,58
BRDA:317,123,0,1
BRDA:324,124,0,57
BRDA:328,125,0,53
BRDA:328,126,0,44
BRDA:329,127,0,42
BRDA:329,128,0,2
BRDA:331,129,0,53
BRDA:331,130,0,42
BRDA:334,131,0,44
BRDA:337,132,0,6
BRDA:339,133,0,1
BRDA:342,134,0,2
BRDA:350,135,0,38
BRDA:351,136,0,2
BRDA:354,137,0,1
BRDA:361,138,0,36
BRDA:362,139,0,3
BRDA:365,140,0,1
BRDA:372,141,0,33
BRDA:373,142,0,2
BRDA:376,143,0,1
BRDA:388,144,0,31
BRDA:389,145,0,3
BRDA:392,146,0,1
BRDA:394,147,0,1
BRDA:400,148,0,28
BRDA:401,149,0,2
BRDA:404,150,0,1
BRDA:411,151,0,26
BRDA:412,152,0,84
BRDA:412,153,0,4
BRDA:417,154,0,3
BRDA:417,155,0,3
BRDA:417,156,0,1
BRDA:418,157,0,3
BRDA:423,158,0,38
BRDA:423,159,0,22
BRDA:424,160,0,17
BRDA:424,161,0,5
BRDA:426,162,0,17
BRDA:426,163,0,83
BRDA:426,164,0,3
BRDA:429,165,0,71
BRDA:429,166,0,19
BRDA:432,167,0,12
BRDA:438,168,0,77
BRDA:438,169,0,3
BRDA:439,170,0,1
BRDA:439,171,0,1
BRDA:441,172,0,19
BRDA:379,173,0,5
BRDA:381,174,0,4
BRDA:381,175,0,1
BRDA:383,176,0,5
BRF:177
BRH:177
end_of_record
